/home/juxtaa/Coding/lazydev
TreeNode('', DirEntry(path=PosixPath('/'), loaded=True))
/
TreeNode('boot', DirEntry(path=PosixPath('/boot'), loaded=False))
/boot
selected:Python Fast API
/home/juxtaa/Coding/lazydev
selected:Python Fast API
selected:Vite App
/home/juxtaa/Coding/lazydev
Deleted something
Restarting app...
Restarting app...
selected:Python Flask
Restarting app...
selected:Vite App
/home/juxtaa/Coding/lazydev
Restarting app...
selected:Python Flask
/home/juxtaa/Coding/lazydev
selected:Python Fast Api
/home/juxtaa/Coding/lazydev
selected:Vite App
/home/juxtaa/Coding/lazydev
Restarting app...
selected:Vite App
/home/juxtaa/Coding/lazydev
selected:Vite App
/home/juxtaa/Coding/lazydev
vite is running
selected:Vite App
/home/juxtaa/Coding/lazydev
vite is running
selected:Vite App
/home/juxtaa/Coding/lazydev
vite is running
Restarting app...
selected:Vite App
/home/juxtaa/Coding/lazydev
selected:Vite App
/home/juxtaa/Coding/lazydev
Restarting app...
selected:Vite App
/home/juxtaa/Coding/lazydev
vite is running
selected:Vite App
/home/juxtaa/Coding/lazydev
vite is running
selected:Vite App
/home/juxtaa/Coding/lazydev
vite is running
[stdout]
200

Restarting app...
selected:Vite App
/home/juxtaa/Coding/lazydev
vite is running
[stdout]
200

selected:Vite App
/home/juxtaa/Coding/lazydev
vite is running
[stdout]
200

selected:Vite App
/home/juxtaa/Coding/lazydev
vite is running
[stdout]
200

selected:Vite App
/home/juxtaa/Coding/lazydev
vite is running
[stdout]
200

Restarting app...
selected:Vite App
/home/juxtaa/Coding/lazydev
vite is running
[stdout]
200

selected:Vite App
/home/juxtaa/Coding/lazydev
vite is running
[stdout]
200

Restarting app...
selected:Vite App
/home/juxtaa/Coding/lazydev
vite is running
[stdout]
200

selected:Vite App
/home/juxtaa/Coding/lazydev
vite is running
[stdout]
200

Restarting app...
selected:Vite App
/home/juxtaa/Coding/lazydev
vite is running
[stdout]
200

selected:Vite App
/home/juxtaa/Coding/lazydev
vite is running
[stdout]
200

Restarting app...
selected:Vite App
/home/juxtaa/Coding/lazydev
vite is running
[stdout]
200

Restarting app...
selected:Vite App
/home/juxtaa/Coding/lazydev
vite is running
[stdout]
200

Restarting app...
selected:Vite App
/home/juxtaa/Coding/lazydev
vite is running
[stdout]
200

Restarting app...
selected:Vite App
/home/juxtaa/Coding/lazydev
[stderr]
Traceback (most recent call last):
  File "/home/juxtaa/Coding/lazydev/./scripts/vite-app.py", line 6, in <module>
    sigma
NameError: name 'sigma' is not defined

Restarting app...
selected:Vite App
/home/juxtaa/Coding/lazydev
[stderr]
Traceback (most recent call last):
  File "/home/juxtaa/Coding/lazydev/./scripts/vite-app.py", line 6, in <module>
    sigma
NameError: name 'sigma' is not defined

Restarting app...
selected:Vite App
/home/juxtaa/Coding/lazydev
[stderr]
Traceback (most recent call last):
  File "/home/juxtaa/Coding/lazydev/./scripts/vite-app.py", line 6, in <module>
    sigma
NameError: name 'sigma' is not defined

Restarting app...
selected:Vite App
/home/juxtaa/Coding/lazydev
[stderr]
Traceback (most recent call last):
  File "/home/juxtaa/Coding/lazydev/./scripts/vite-app.py", line 6, in <module>
    sigma
NameError: name 'sigma' is not defined

Restarting app...
selected:Vite App
/home/juxtaa/Coding/lazydev
vite is running
[stdout]
200

/home/juxtaa/Coding/lazydev
vite is running
[stdout]
200

selected:Vite App
/home/juxtaa/Coding/lazydev
selected:Vite App
/home/juxtaa/Coding/lazydev
vite is running
[stdout]
200

selected:Vite App
/home/juxtaa/Coding/lazydev
vite is running
[stdout]
200

selected:Vite App
/home/juxtaa/Coding/lazydev
vite is running
[stdout]
200

selected:Vite App
selected:Vite App
/home/juxtaa/Coding/lazydev
vite is running
[stdout]
200

selected:Vite App
/home/juxtaa/Coding/lazydev
vite is running
[stdout]
200

Restarting app...
selected:Vite App
/home/juxtaa/Coding/lazydev
vite is running
[stdout]
200

Restarting app...
selected:Vite App
/home/juxtaa/Coding/lazydev
vite is running
[stdout]
200

Restarting app...
selected:Vite App
/home/juxtaa/Coding/lazydev
vite is running
[stdout]
200

Restarting app...
selected:Vite App
/home/juxtaa/Coding/lazydev
vite is running
[stdout]
200

Restarting app...
selected:Vite App
/home/juxtaa/Coding/lazydev
vite is running
[stdout]
200

selected:Vite App
/home/juxtaa/Coding/lazydev
vite is running
[stdout]
200

selected:Vite App
/home/juxtaa/Coding/lazydev
vite is running
[stdout]
200

Restarting app...
selected:Vite App
/home/juxtaa/Coding/lazydev
vite is running
[stdout]
200
Argument List: ['./scripts/vite-app.py', '/home/juxtaa/Coding/lazydev']

selected:Python Fast Api
TreeNode('Projects', DirEntry(path=PosixPath('/home/juxtaa/Coding/Projects'), loaded=True))
/home/juxtaa/Coding/Projects
Restarting app...
selected:Vite App
Restarting app...
selected:Python Fast Api
/home/juxtaa/Coding/lazydev
[stdout]
Project path is: /home/juxtaa/Coding/lazydev

Restarting app...
Restarting app...
selected:Vite App
Restarting app...
selected:Python Fast Api
TreeNode('Drill Translator', DirEntry(path=PosixPath('/home/juxtaa/Coding/Drill Translator'), loaded=True))
/home/juxtaa/Coding/Drill Translator
Restarting app...
selected:Python Fast Api
TreeNode('Drill Translator', DirEntry(path=PosixPath('/home/juxtaa/Coding/Drill Translator'), loaded=True))
/home/juxtaa/Coding/Drill Translator
Restarting app...
selected:Vite App
TreeNode('Bike Reselling', DirEntry(path=PosixPath('/home/juxtaa/Bike Reselling'), loaded=True))
/home/juxtaa/Bike Reselling
Running script: Vite App
 with arguments: /home/juxtaa/Bike Reselling
python Vite App '/home/juxtaa/Bike Reselling'vite is running
[stdout]
200
Argument List: ['./scripts/vite-app.py', "'/home/juxtaa/Bike Reselling'"]

Restarting app...
selected:Vite App
Restarting app...
selected:Python Fast Api
selected:Vite App
selected:Python Fast Api
TreeNode('bin', DirEntry(path=PosixPath('/bin'), loaded=False))
/bin
Running script: Python Fast Api
 with arguments: /bin
python Python Fast Api '/bin'[stdout]
Project path is: '/bin'

Restarting app...
selected:Vite App
/home/juxtaa/Coding/lazydev
Running script: Vite App
 with arguments: /home/juxtaa/Coding/lazydev
python Vite App '/home/juxtaa/Coding/lazydev'vite is running
[stdout]
200
Argument List: ['./scripts/vite-app.py', "'/home/juxtaa/Coding/lazydev'", "'i love hairy black men'"]

selected:Python Fast Api
/home/juxtaa/Coding/lazydev
Running script: Python Fast Api
 with arguments: /home/juxtaa/Coding/lazydev
python Python Fast Api '/home/juxtaa/Coding/lazydev'[stdout]
Project path is: '/home/juxtaa/Coding/lazydev'
Project name is: 'testing-lazy-dev'

[stderr]
Traceback (most recent call last):
  File "/home/juxtaa/Coding/lazydev/./scripts/python-fast-api.py", line 34, in <module>
    pull_template(path, project_name)
    ~~~~~~~~~~~~~^^^^^^^^^^^^^^^^^^^^
  File "/home/juxtaa/Coding/lazydev/./scripts/python-fast-api.py", line 25, in pull_template
    with open(os.path.join(path, file_name), 'wb') as f:
         ~~~~^^^^^^^^^^^^^^^^^^^^^^^^^^^^^^^^^^^^^
FileNotFoundError: [Errno 2] No such file or directory: "'/home/juxtaa/Coding/lazydev'/'testing-lazy-dev'/README.md"

Restarting app...
Restarting app...
Restarting app...
selected:Python Fast Api
/home/juxtaa/Coding/lazydev
Running script: Python Fast Api
 with arguments: /home/juxtaa/Coding/lazydev
python Python Fast Api '/home/juxtaa/Coding/lazydev'[stdout]
Project path is: /home/juxtaa/Coding/lazydev
Project name is: testing-lazy-dev

[stderr]
Traceback (most recent call last):
  File "/home/juxtaa/Coding/lazydev/./scripts/python-fast-api.py", line 32, in <module>
    pull_template(path, project_name)
    ~~~~~~~~~~~~~^^^^^^^^^^^^^^^^^^^^
  File "/home/juxtaa/Coding/lazydev/./scripts/python-fast-api.py", line 23, in pull_template
    with open(os.path.join(path, file_name), 'wb') as f:
         ~~~~^^^^^^^^^^^^^^^^^^^^^^^^^^^^^^^^^^^^^
FileNotFoundError: [Errno 2] No such file or directory: '/home/juxtaa/Coding/lazydev/testing-lazy-dev/README.md'

Restarting app...
selected:Python Fast Api
/home/juxtaa/Coding/lazydev
Running script: Python Fast Api
 with arguments: /home/juxtaa/Coding/lazydev
python Python Fast Api '/home/juxtaa/Coding/lazydev'Downloaded README.md
Downloaded api.py
Downloaded requirements.txt
Downloaded start.bat
Downloaded start.sh
[stdout]
Project path is: /home/juxtaa/Coding/lazydev
Project name is: testing

Restarting app...
selected:Python Fast Api
/home/juxtaa/Coding/lazydev
Running script: Python Fast Api
 with arguments: /home/juxtaa/Coding/lazydev
python Python Fast Api '/home/juxtaa/Coding/lazydev'Downloaded README.md
Downloaded api.py
Downloaded requirements.txt
Downloaded start.bat
Downloaded start.sh
[stdout]
Project path is: /home/juxtaa/Coding/lazydev
Project name is: testing

/home/juxtaa/Coding/lazydev
Running script: Python Fast Api
 with arguments: /home/juxtaa/Coding/lazydev
python Python Fast Api '/home/juxtaa/Coding/lazydev'Downloaded README.md
Downloaded api.py
Downloaded requirements.txt
Downloaded start.bat
Downloaded start.sh
[stdout]
Project path is: /home/juxtaa/Coding/lazydev
Project name is: testing

/home/juxtaa/Coding/lazydev
Running script: Python Fast Api
 with arguments: /home/juxtaa/Coding/lazydev
python Python Fast Api '/home/juxtaa/Coding/lazydev'Downloaded README.md
Downloaded api.py
Downloaded requirements.txt
Downloaded start.bat
Downloaded start.sh
[stdout]
Project path is: /home/juxtaa/Coding/lazydev
Project name is: testing

selected:Python Fast Api
TreeNode('Projects', DirEntry(path=PosixPath('/home/juxtaa/Coding/Projects'), loaded=True))
/home/juxtaa/Coding/Projects
Running script: Python Fast Api
 with arguments: /home/juxtaa/Coding/Projects
python Python Fast Api '/home/juxtaa/Coding/Projects'Downloaded README.md
Downloaded api.py
Downloaded requirements.txt
Downloaded start.bat
Downloaded start.sh
[stdout]
Project path is: /home/juxtaa/Coding/Projects
Project name is: cool-api

selected:Python Flask
/home/juxtaa/Coding/lazydev
Running script: Python Flask
 with arguments: /home/juxtaa/Coding/lazydev
python Python Flask '/home/juxtaa/Coding/lazydev'Downloaded README.md
Downloaded app.py
Downloaded requirements.txt
Downloaded start.bat
Downloaded start.sh
[stdout]
Project path is: /home/juxtaa/Coding/lazydev
Project name is: flask-server

selected:Vite App
/home/juxtaa/Coding/lazydev
Running script: Vite App
 with arguments: /home/juxtaa/Coding/lazydev
python Vite App '/home/juxtaa/Coding/lazydev'Downloaded README.md
Downloaded create.sh
[stdout]
Project path is: /home/juxtaa/Coding/lazydev
Project name is: vite-app

selected:Python Undetected Chromedriver
/home/juxtaa/Coding/lazydev
Running script: Python Undetected Chromedriver
 with arguments: /home/juxtaa/Coding/lazydev
python Python Undetected Chromedriver '/home/juxtaa/Coding/lazydev'Restarting app...
selected:Python Undetected Chromedriver
/home/juxtaa/Coding/lazydev
Running script: Python Undetected Chromedriver
 with arguments: /home/juxtaa/Coding/lazydev
python Python Undetected Chromedriver '/home/juxtaa/Coding/lazydev'Downloaded main.py
Downloaded requirements.txt
[stdout]
Project path is: /home/juxtaa/Coding/lazydev
Project name is: uc-test

